[debug] [2023-02-13T16:25:57.959Z] ----------------------------------------------------------------------
[debug] [2023-02-13T16:25:57.985Z] Command:       C:\Program Files\nodejs\node.exe C:\Users\user\AppData\Roaming\npm\node_modules\firebase-tools\lib\bin\firebase.js init
[debug] [2023-02-13T16:25:57.988Z] CLI Version:   11.22.0
[debug] [2023-02-13T16:25:57.989Z] Platform:      win32
[debug] [2023-02-13T16:25:57.989Z] Node Version:  v16.13.1
[debug] [2023-02-13T16:25:58.116Z] Time:          Mon Feb 13 2023 17:25:57 GMT+0100 (West Africa Standard Time)
[debug] [2023-02-13T16:25:58.117Z] ----------------------------------------------------------------------
[debug] 
[debug] [2023-02-13T16:25:58.146Z] >>> [apiv2][query] GET https://firebase-public.firebaseio.com/cli.json [none]
[debug] [2023-02-13T16:25:58.519Z] > command requires scopes: ["email","openid","https://www.googleapis.com/auth/cloudplatformprojects.readonly","https://www.googleapis.com/auth/firebase","https://www.googleapis.com/auth/cloud-platform"]
[debug] [2023-02-13T16:25:58.521Z] > authorizing via signed-in user (doyinapollos@gmail.com)
[info] 
     ######## #### ########  ######## ########     ###     ######  ########
     ##        ##  ##     ## ##       ##     ##  ##   ##  ##       ##
     ######    ##  ########  ######   ########  #########  ######  ######
     ##        ##  ##    ##  ##       ##     ## ##     ##       ## ##
     ##       #### ##     ## ######## ########  ##     ##  ######  ########

You're about to initialize a Firebase project in this directory:

  C:\Users\user\Desktop\React\ideationFusion\lendsqr-frontend

[debug] [2023-02-13T16:25:59.387Z] <<< [apiv2][status] GET https://firebase-public.firebaseio.com/cli.json 200
[debug] [2023-02-13T16:25:59.390Z] <<< [apiv2][body] GET https://firebase-public.firebaseio.com/cli.json {"cloudBuildErrorAfter":1594252800000,"cloudBuildWarnAfter":1590019200000,"defaultNode10After":1594252800000,"minVersion":"3.0.5","node8DeploysDisabledAfter":1613390400000,"node8RuntimeDisabledAfter":1615809600000,"node8WarnAfter":1600128000000}
[info] 
=== Project Setup
[info] 
[info] First, let's associate this project directory with a Firebase project.
[info] You can create multiple project aliases by running firebase use --add, 
[info] but for now we'll just set up a default project.
[info] 
[debug] [2023-02-13T16:28:48.546Z] > refreshing access token with scopes: []
[debug] [2023-02-13T16:28:48.548Z] >>> [apiv2][query] POST https://www.googleapis.com/oauth2/v3/token [none]
[debug] [2023-02-13T16:28:48.549Z] >>> [apiv2][body] POST https://www.googleapis.com/oauth2/v3/token [omitted]
[debug] [2023-02-13T16:28:49.210Z] <<< [apiv2][status] POST https://www.googleapis.com/oauth2/v3/token 200
[debug] [2023-02-13T16:28:49.210Z] <<< [apiv2][body] POST https://www.googleapis.com/oauth2/v3/token [omitted]
[debug] [2023-02-13T16:28:49.313Z] >>> [apiv2][query] GET https://firebase.googleapis.com/v1beta1/projects pageSize=100
[debug] [2023-02-13T16:28:50.249Z] <<< [apiv2][status] GET https://firebase.googleapis.com/v1beta1/projects 200
[debug] [2023-02-13T16:28:50.250Z] <<< [apiv2][body] GET https://firebase.googleapis.com/v1beta1/projects [omitted]
[info] i  Using project lendsqr-c464a (lendsqr) 
[info] 
=== Database Setup
[info] i  database: ensuring required API firebasedatabase.googleapis.com is enabled... 
[debug] [2023-02-13T16:29:14.221Z] >>> [apiv2][query] GET https://serviceusage.googleapis.com/v1/projects/lendsqr-c464a/services/firebasedatabase.googleapis.com [none]
[debug] [2023-02-13T16:29:14.221Z] >>> [apiv2][(partial)header] GET https://serviceusage.googleapis.com/v1/projects/lendsqr-c464a/services/firebasedatabase.googleapis.com x-goog-quota-user=projects/lendsqr-c464a
[debug] [2023-02-13T16:29:16.224Z] <<< [apiv2][status] GET https://serviceusage.googleapis.com/v1/projects/lendsqr-c464a/services/firebasedatabase.googleapis.com 200
[debug] [2023-02-13T16:29:16.225Z] <<< [apiv2][body] GET https://serviceusage.googleapis.com/v1/projects/lendsqr-c464a/services/firebasedatabase.googleapis.com [omitted]
[warn] !  database: missing required API firebasedatabase.googleapis.com. Enabling now... 
[debug] [2023-02-13T16:29:16.229Z] >>> [apiv2][query] POST https://serviceusage.googleapis.com/v1/projects/lendsqr-c464a/services/firebasedatabase.googleapis.com:enable [none]
[debug] [2023-02-13T16:29:16.229Z] >>> [apiv2][(partial)header] POST https://serviceusage.googleapis.com/v1/projects/lendsqr-c464a/services/firebasedatabase.googleapis.com:enable x-goog-quota-user=projects/lendsqr-c464a
[debug] [2023-02-13T16:29:18.146Z] <<< [apiv2][status] POST https://serviceusage.googleapis.com/v1/projects/lendsqr-c464a/services/firebasedatabase.googleapis.com:enable 200
[debug] [2023-02-13T16:29:18.147Z] <<< [apiv2][body] POST https://serviceusage.googleapis.com/v1/projects/lendsqr-c464a/services/firebasedatabase.googleapis.com:enable [omitted]
[debug] [2023-02-13T16:29:28.156Z] >>> [apiv2][query] GET https://serviceusage.googleapis.com/v1/projects/lendsqr-c464a/services/firebasedatabase.googleapis.com [none]
[debug] [2023-02-13T16:29:28.157Z] >>> [apiv2][(partial)header] GET https://serviceusage.googleapis.com/v1/projects/lendsqr-c464a/services/firebasedatabase.googleapis.com x-goog-quota-user=projects/lendsqr-c464a
[debug] [2023-02-13T16:29:29.509Z] <<< [apiv2][status] GET https://serviceusage.googleapis.com/v1/projects/lendsqr-c464a/services/firebasedatabase.googleapis.com 200
[debug] [2023-02-13T16:29:29.509Z] <<< [apiv2][body] GET https://serviceusage.googleapis.com/v1/projects/lendsqr-c464a/services/firebasedatabase.googleapis.com [omitted]
[info] +  database: required API firebasedatabase.googleapis.com is enabled 
[info] 
[debug] [2023-02-13T16:29:29.527Z] >>> [apiv2][query] GET https://firebase.googleapis.com/v1beta1/projects/lendsqr-c464a [none]
[debug] [2023-02-13T16:29:30.153Z] <<< [apiv2][status] GET https://firebase.googleapis.com/v1beta1/projects/lendsqr-c464a 200
[debug] [2023-02-13T16:29:30.153Z] <<< [apiv2][body] GET https://firebase.googleapis.com/v1beta1/projects/lendsqr-c464a {"projectId":"lendsqr-c464a","projectNumber":"907571584535","displayName":"lendsqr","name":"projects/lendsqr-c464a","resources":{"hostingSite":"lendsqr-c464a"},"state":"ACTIVE","etag":"1_7044ea18-e8bc-47f9-aa6a-ff8052df0765"}
